{"/Users/apple/GroupPay/src/features/groups/lib/balances.ts": {"path":"/Users/apple/GroupPay/src/features/groups/lib/balances.ts","statementMap":{"0":{"start":{"line":6,"column":2},"end":{"line":6,"column":63}},"1":{"start":{"line":6,"column":55},"end":{"line":6,"column":63}},"2":{"start":{"line":8,"column":2},"end":{"line":13,"column":3}},"3":{"start":{"line":12,"column":4},"end":{"line":12,"column":45}},"4":{"start":{"line":15,"column":16},"end":{"line":15,"column":45}},"5":{"start":{"line":16,"column":2},"end":{"line":16,"column":27}},"6":{"start":{"line":16,"column":19},"end":{"line":16,"column":27}},"7":{"start":{"line":17,"column":2},"end":{"line":17,"column":31}},"8":{"start":{"line":24,"column":21},"end":{"line":24,"column":46}},"9":{"start":{"line":26,"column":2},"end":{"line":30,"column":3}},"10":{"start":{"line":27,"column":4},"end":{"line":29,"column":5}},"11":{"start":{"line":28,"column":6},"end":{"line":28,"column":68}},"12":{"start":{"line":32,"column":2},"end":{"line":36,"column":3}},"13":{"start":{"line":33,"column":4},"end":{"line":35,"column":5}},"14":{"start":{"line":34,"column":6},"end":{"line":34,"column":35}},"15":{"start":{"line":40,"column":41},"end":{"line":40,"column":43}},"16":{"start":{"line":42,"column":2},"end":{"line":44,"column":3}},"17":{"start":{"line":43,"column":4},"end":{"line":43,"column":25}},"18":{"start":{"line":46,"column":2},"end":{"line":48,"column":3}},"19":{"start":{"line":47,"column":4},"end":{"line":47,"column":43}},"20":{"start":{"line":50,"column":2},"end":{"line":54,"column":5}},"21":{"start":{"line":50,"column":45},"end":{"line":54,"column":3}},"22":{"start":{"line":58,"column":2},"end":{"line":58,"column":73}},"23":{"start":{"line":58,"column":49},"end":{"line":58,"column":69}}},"fnMap":{"0":{"name":"owedAmount","decl":{"start":{"line":5,"column":9},"end":{"line":5,"column":19}},"loc":{"start":{"line":5,"column":69},"end":{"line":18,"column":1}},"line":5},"1":{"name":"applyExpenseToBalances","decl":{"start":{"line":20,"column":16},"end":{"line":20,"column":38}},"loc":{"start":{"line":23,"column":8},"end":{"line":37,"column":1}},"line":23},"2":{"name":"calculateBalances","decl":{"start":{"line":39,"column":16},"end":{"line":39,"column":33}},"loc":{"start":{"line":39,"column":62},"end":{"line":55,"column":1}},"line":39},"3":{"name":"(anonymous_3)","decl":{"start":{"line":50,"column":32},"end":{"line":50,"column":33}},"loc":{"start":{"line":50,"column":45},"end":{"line":54,"column":3}},"line":50},"4":{"name":"totalSpent","decl":{"start":{"line":57,"column":16},"end":{"line":57,"column":26}},"loc":{"start":{"line":57,"column":49},"end":{"line":59,"column":1}},"line":57},"5":{"name":"(anonymous_5)","decl":{"start":{"line":58,"column":31},"end":{"line":58,"column":32}},"loc":{"start":{"line":58,"column":49},"end":{"line":58,"column":69}},"line":58}},"branchMap":{"0":{"loc":{"start":{"line":6,"column":2},"end":{"line":6,"column":63}},"type":"if","locations":[{"start":{"line":6,"column":2},"end":{"line":6,"column":63}},{"start":{},"end":{}}],"line":6},"1":{"loc":{"start":{"line":8,"column":2},"end":{"line":13,"column":3}},"type":"if","locations":[{"start":{"line":8,"column":2},"end":{"line":13,"column":3}},{"start":{},"end":{}}],"line":8},"2":{"loc":{"start":{"line":9,"column":4},"end":{"line":10,"column":49}},"type":"binary-expr","locations":[{"start":{"line":9,"column":4},"end":{"line":9,"column":34}},{"start":{"line":10,"column":4},"end":{"line":10,"column":49}}],"line":9},"3":{"loc":{"start":{"line":12,"column":11},"end":{"line":12,"column":45}},"type":"binary-expr","locations":[{"start":{"line":12,"column":11},"end":{"line":12,"column":40}},{"start":{"line":12,"column":44},"end":{"line":12,"column":45}}],"line":12},"4":{"loc":{"start":{"line":16,"column":2},"end":{"line":16,"column":27}},"type":"if","locations":[{"start":{"line":16,"column":2},"end":{"line":16,"column":27}},{"start":{},"end":{}}],"line":16},"5":{"loc":{"start":{"line":27,"column":4},"end":{"line":29,"column":5}},"type":"if","locations":[{"start":{"line":27,"column":4},"end":{"line":29,"column":5}},{"start":{},"end":{}}],"line":27},"6":{"loc":{"start":{"line":33,"column":4},"end":{"line":35,"column":5}},"type":"if","locations":[{"start":{"line":33,"column":4},"end":{"line":35,"column":5}},{"start":{},"end":{}}],"line":33},"7":{"loc":{"start":{"line":33,"column":8},"end":{"line":33,"column":51}},"type":"binary-expr","locations":[{"start":{"line":33,"column":8},"end":{"line":33,"column":12}},{"start":{"line":33,"column":16},"end":{"line":33,"column":51}}],"line":33},"8":{"loc":{"start":{"line":53,"column":13},"end":{"line":53,"column":35}},"type":"binary-expr","locations":[{"start":{"line":53,"column":13},"end":{"line":53,"column":30}},{"start":{"line":53,"column":34},"end":{"line":53,"column":35}}],"line":53}},"s":{"0":7,"1":0,"2":7,"3":2,"4":5,"5":5,"6":0,"7":5,"8":3,"9":3,"10":7,"11":7,"12":3,"13":4,"14":4,"15":3,"16":3,"17":9,"18":3,"19":3,"20":3,"21":9,"22":0,"23":0},"f":{"0":7,"1":3,"2":3,"3":9,"4":0,"5":0},"b":{"0":[0,7],"1":[2,5],"2":[7,2],"3":[2,0],"4":[0,5],"5":[7,0],"6":[4,0],"7":[4,4],"8":[9,0]},"_coverageSchema":"1a1c01bbd47fc00a2c39e90264f33305004495a9","hash":"bb2374dd29d01da75af30cdd406a3cd25a4b2d18"}
,"/Users/apple/GroupPay/src/features/groups/lib/expenseFormLogic.ts": {"path":"/Users/apple/GroupPay/src/features/groups/lib/expenseFormLogic.ts","statementMap":{"0":{"start":{"line":1,"column":22},"end":{"line":1,"column":26}},"1":{"start":{"line":4,"column":18},"end":{"line":4,"column":30}},"2":{"start":{"line":5,"column":2},"end":{"line":5,"column":27}},"3":{"start":{"line":5,"column":16},"end":{"line":5,"column":27}},"4":{"start":{"line":6,"column":17},"end":{"line":6,"column":43}},"5":{"start":{"line":7,"column":2},"end":{"line":7,"column":57}},"6":{"start":{"line":7,"column":46},"end":{"line":7,"column":57}},"7":{"start":{"line":8,"column":2},"end":{"line":8,"column":15}},"8":{"start":{"line":12,"column":2},"end":{"line":12,"column":54}},"9":{"start":{"line":12,"column":39},"end":{"line":12,"column":50}},"10":{"start":{"line":16,"column":2},"end":{"line":16,"column":40}},"11":{"start":{"line":20,"column":2},"end":{"line":20,"column":26}},"12":{"start":{"line":20,"column":18},"end":{"line":20,"column":26}},"13":{"start":{"line":21,"column":2},"end":{"line":21,"column":22}},"14":{"start":{"line":28,"column":43},"end":{"line":28,"column":45}},"15":{"start":{"line":29,"column":2},"end":{"line":34,"column":3}},"16":{"start":{"line":30,"column":19},"end":{"line":30,"column":44}},"17":{"start":{"line":31,"column":4},"end":{"line":33,"column":5}},"18":{"start":{"line":32,"column":6},"end":{"line":32,"column":27}},"19":{"start":{"line":35,"column":2},"end":{"line":35,"column":17}},"20":{"start":{"line":42,"column":41},"end":{"line":42,"column":43}},"21":{"start":{"line":43,"column":2},"end":{"line":48,"column":3}},"22":{"start":{"line":44,"column":19},"end":{"line":44,"column":44}},"23":{"start":{"line":45,"column":4},"end":{"line":47,"column":5}},"24":{"start":{"line":46,"column":6},"end":{"line":46,"column":25}},"25":{"start":{"line":49,"column":2},"end":{"line":49,"column":15}},"26":{"start":{"line":65,"column":2},"end":{"line":67,"column":3}},"27":{"start":{"line":66,"column":4},"end":{"line":66,"column":51}},"28":{"start":{"line":69,"column":2},"end":{"line":71,"column":3}},"29":{"start":{"line":70,"column":4},"end":{"line":70,"column":68}},"30":{"start":{"line":73,"column":20},"end":{"line":73,"column":59}},"31":{"start":{"line":74,"column":2},"end":{"line":76,"column":3}},"32":{"start":{"line":75,"column":4},"end":{"line":75,"column":65}},"33":{"start":{"line":78,"column":2},"end":{"line":83,"column":3}},"34":{"start":{"line":79,"column":4},"end":{"line":82,"column":5}},"35":{"start":{"line":85,"column":2},"end":{"line":95,"column":3}},"36":{"start":{"line":86,"column":22},"end":{"line":88,"column":5}},"37":{"start":{"line":87,"column":39},"end":{"line":87,"column":60}},"38":{"start":{"line":89,"column":4},"end":{"line":94,"column":5}},"39":{"start":{"line":90,"column":6},"end":{"line":93,"column":7}},"40":{"start":{"line":97,"column":2},"end":{"line":97,"column":34}},"41":{"start":{"line":110,"column":17},"end":{"line":113,"column":15}},"42":{"start":{"line":111,"column":26},"end":{"line":111,"column":41}},"43":{"start":{"line":112,"column":25},"end":{"line":112,"column":69}},"44":{"start":{"line":115,"column":2},"end":{"line":123,"column":3}},"45":{"start":{"line":116,"column":17},"end":{"line":121,"column":17}},"46":{"start":{"line":119,"column":10},"end":{"line":119,"column":75}},"47":{"start":{"line":122,"column":4},"end":{"line":122,"column":32}},"48":{"start":{"line":125,"column":15},"end":{"line":128,"column":14}},"49":{"start":{"line":129,"column":2},"end":{"line":129,"column":36}}},"fnMap":{"0":{"name":"parseMoney","decl":{"start":{"line":3,"column":16},"end":{"line":3,"column":26}},"loc":{"start":{"line":3,"column":57},"end":{"line":9,"column":1}},"line":3},"1":{"name":"sumMoney","decl":{"start":{"line":11,"column":16},"end":{"line":11,"column":24}},"loc":{"start":{"line":11,"column":51},"end":{"line":13,"column":1}},"line":11},"2":{"name":"(anonymous_2)","decl":{"start":{"line":12,"column":23},"end":{"line":12,"column":24}},"loc":{"start":{"line":12,"column":39},"end":{"line":12,"column":50}},"line":12},"3":{"name":"nearlyEqual","decl":{"start":{"line":15,"column":16},"end":{"line":15,"column":27}},"loc":{"start":{"line":15,"column":59},"end":{"line":17,"column":1}},"line":15},"4":{"name":"equalShare","decl":{"start":{"line":19,"column":16},"end":{"line":19,"column":26}},"loc":{"start":{"line":19,"column":65},"end":{"line":22,"column":1}},"line":19},"5":{"name":"parsePaymentMap","decl":{"start":{"line":24,"column":16},"end":{"line":24,"column":31}},"loc":{"start":{"line":27,"column":26},"end":{"line":36,"column":1}},"line":27},"6":{"name":"parseShareMap","decl":{"start":{"line":38,"column":16},"end":{"line":38,"column":29}},"loc":{"start":{"line":41,"column":26},"end":{"line":50,"column":1}},"line":41},"7":{"name":"validateExpenseForm","decl":{"start":{"line":57,"column":16},"end":{"line":57,"column":35}},"loc":{"start":{"line":64,"column":26},"end":{"line":98,"column":1}},"line":64},"8":{"name":"(anonymous_8)","decl":{"start":{"line":87,"column":31},"end":{"line":87,"column":32}},"loc":{"start":{"line":87,"column":39},"end":{"line":87,"column":60}},"line":87},"9":{"name":"formatExpenseSummary","decl":{"start":{"line":100,"column":16},"end":{"line":100,"column":36}},"loc":{"start":{"line":109,"column":10},"end":{"line":130,"column":1}},"line":109},"10":{"name":"(anonymous_10)","decl":{"start":{"line":111,"column":12},"end":{"line":111,"column":13}},"loc":{"start":{"line":111,"column":26},"end":{"line":111,"column":41}},"line":111},"11":{"name":"(anonymous_11)","decl":{"start":{"line":112,"column":9},"end":{"line":112,"column":10}},"loc":{"start":{"line":112,"column":25},"end":{"line":112,"column":69}},"line":112},"12":{"name":"(anonymous_12)","decl":{"start":{"line":118,"column":8},"end":{"line":118,"column":9}},"loc":{"start":{"line":119,"column":10},"end":{"line":119,"column":75}},"line":119}},"branchMap":{"0":{"loc":{"start":{"line":5,"column":2},"end":{"line":5,"column":27}},"type":"if","locations":[{"start":{"line":5,"column":2},"end":{"line":5,"column":27}},{"start":{},"end":{}}],"line":5},"1":{"loc":{"start":{"line":7,"column":2},"end":{"line":7,"column":57}},"type":"if","locations":[{"start":{"line":7,"column":2},"end":{"line":7,"column":57}},{"start":{},"end":{}}],"line":7},"2":{"loc":{"start":{"line":7,"column":6},"end":{"line":7,"column":44}},"type":"binary-expr","locations":[{"start":{"line":7,"column":6},"end":{"line":7,"column":30}},{"start":{"line":7,"column":34},"end":{"line":7,"column":44}}],"line":7},"3":{"loc":{"start":{"line":20,"column":2},"end":{"line":20,"column":26}},"type":"if","locations":[{"start":{"line":20,"column":2},"end":{"line":20,"column":26}},{"start":{},"end":{}}],"line":20},"4":{"loc":{"start":{"line":30,"column":30},"end":{"line":30,"column":43}},"type":"binary-expr","locations":[{"start":{"line":30,"column":30},"end":{"line":30,"column":37}},{"start":{"line":30,"column":41},"end":{"line":30,"column":43}}],"line":30},"5":{"loc":{"start":{"line":31,"column":4},"end":{"line":33,"column":5}},"type":"if","locations":[{"start":{"line":31,"column":4},"end":{"line":33,"column":5}},{"start":{},"end":{}}],"line":31},"6":{"loc":{"start":{"line":31,"column":8},"end":{"line":31,"column":37}},"type":"binary-expr","locations":[{"start":{"line":31,"column":8},"end":{"line":31,"column":23}},{"start":{"line":31,"column":27},"end":{"line":31,"column":37}}],"line":31},"7":{"loc":{"start":{"line":44,"column":30},"end":{"line":44,"column":43}},"type":"binary-expr","locations":[{"start":{"line":44,"column":30},"end":{"line":44,"column":37}},{"start":{"line":44,"column":41},"end":{"line":44,"column":43}}],"line":44},"8":{"loc":{"start":{"line":45,"column":4},"end":{"line":47,"column":5}},"type":"if","locations":[{"start":{"line":45,"column":4},"end":{"line":47,"column":5}},{"start":{},"end":{}}],"line":45},"9":{"loc":{"start":{"line":45,"column":8},"end":{"line":45,"column":38}},"type":"binary-expr","locations":[{"start":{"line":45,"column":8},"end":{"line":45,"column":23}},{"start":{"line":45,"column":27},"end":{"line":45,"column":38}}],"line":45},"10":{"loc":{"start":{"line":65,"column":2},"end":{"line":67,"column":3}},"type":"if","locations":[{"start":{"line":65,"column":2},"end":{"line":67,"column":3}},{"start":{},"end":{}}],"line":65},"11":{"loc":{"start":{"line":69,"column":2},"end":{"line":71,"column":3}},"type":"if","locations":[{"start":{"line":69,"column":2},"end":{"line":71,"column":3}},{"start":{},"end":{}}],"line":69},"12":{"loc":{"start":{"line":74,"column":2},"end":{"line":76,"column":3}},"type":"if","locations":[{"start":{"line":74,"column":2},"end":{"line":76,"column":3}},{"start":{},"end":{}}],"line":74},"13":{"loc":{"start":{"line":78,"column":2},"end":{"line":83,"column":3}},"type":"if","locations":[{"start":{"line":78,"column":2},"end":{"line":83,"column":3}},{"start":{},"end":{}}],"line":78},"14":{"loc":{"start":{"line":85,"column":2},"end":{"line":95,"column":3}},"type":"if","locations":[{"start":{"line":85,"column":2},"end":{"line":95,"column":3}},{"start":{},"end":{}}],"line":85},"15":{"loc":{"start":{"line":87,"column":39},"end":{"line":87,"column":60}},"type":"binary-expr","locations":[{"start":{"line":87,"column":39},"end":{"line":87,"column":55}},{"start":{"line":87,"column":59},"end":{"line":87,"column":60}}],"line":87},"16":{"loc":{"start":{"line":89,"column":4},"end":{"line":94,"column":5}},"type":"if","locations":[{"start":{"line":89,"column":4},"end":{"line":94,"column":5}},{"start":{},"end":{}}],"line":89},"17":{"loc":{"start":{"line":111,"column":27},"end":{"line":111,"column":36}},"type":"binary-expr","locations":[{"start":{"line":111,"column":27},"end":{"line":111,"column":31}},{"start":{"line":111,"column":35},"end":{"line":111,"column":36}}],"line":111},"18":{"loc":{"start":{"line":112,"column":46},"end":{"line":112,"column":55}},"type":"binary-expr","locations":[{"start":{"line":112,"column":46},"end":{"line":112,"column":50}},{"start":{"line":112,"column":54},"end":{"line":112,"column":55}}],"line":112},"19":{"loc":{"start":{"line":115,"column":2},"end":{"line":123,"column":3}},"type":"if","locations":[{"start":{"line":115,"column":2},"end":{"line":123,"column":3}},{"start":{},"end":{}}],"line":115},"20":{"loc":{"start":{"line":115,"column":6},"end":{"line":115,"column":54}},"type":"binary-expr","locations":[{"start":{"line":115,"column":6},"end":{"line":115,"column":36}},{"start":{"line":115,"column":40},"end":{"line":115,"column":54}}],"line":115},"21":{"loc":{"start":{"line":119,"column":36},"end":{"line":119,"column":61}},"type":"binary-expr","locations":[{"start":{"line":119,"column":36},"end":{"line":119,"column":56}},{"start":{"line":119,"column":60},"end":{"line":119,"column":61}}],"line":119}},"s":{"0":1,"1":2,"2":2,"3":1,"4":1,"5":1,"6":0,"7":1,"8":2,"9":4,"10":2,"11":0,"12":0,"13":0,"14":1,"15":1,"16":2,"17":2,"18":1,"19":1,"20":0,"21":0,"22":0,"23":0,"24":0,"25":0,"26":2,"27":0,"28":2,"29":0,"30":2,"31":2,"32":0,"33":2,"34":1,"35":1,"36":0,"37":0,"38":0,"39":0,"40":1,"41":0,"42":0,"43":0,"44":0,"45":0,"46":0,"47":0,"48":0,"49":0},"f":{"0":2,"1":2,"2":4,"3":2,"4":0,"5":1,"6":0,"7":2,"8":0,"9":0,"10":0,"11":0,"12":0},"b":{"0":[1,1],"1":[0,1],"2":[1,1],"3":[0,0],"4":[2,0],"5":[1,1],"6":[2,1],"7":[0,0],"8":[0,0],"9":[0,0],"10":[0,2],"11":[0,2],"12":[0,2],"13":[1,1],"14":[0,1],"15":[0,0],"16":[0,0],"17":[0,0],"18":[0,0],"19":[0,0],"20":[0,0],"21":[0,0]},"_coverageSchema":"1a1c01bbd47fc00a2c39e90264f33305004495a9","hash":"9f4a43d3afa5805292ed4da98d132746db367e82"}
,"/Users/apple/GroupPay/src/features/groups/lib/normalizeExpense.ts": {"path":"/Users/apple/GroupPay/src/features/groups/lib/normalizeExpense.ts","statementMap":{"0":{"start":{"line":6,"column":4},"end":{"line":6,"column":64}},"1":{"start":{"line":8,"column":2},"end":{"line":14,"column":3}},"2":{"start":{"line":9,"column":4},"end":{"line":13,"column":5}},"3":{"start":{"line":16,"column":2},"end":{"line":22,"column":3}},"4":{"start":{"line":17,"column":4},"end":{"line":21,"column":5}},"5":{"start":{"line":24,"column":2},"end":{"line":28,"column":3}}},"fnMap":{"0":{"name":"normalizeExpense","decl":{"start":{"line":4,"column":16},"end":{"line":4,"column":32}},"loc":{"start":{"line":4,"column":60},"end":{"line":29,"column":1}},"line":4}},"branchMap":{"0":{"loc":{"start":{"line":6,"column":4},"end":{"line":6,"column":64}},"type":"binary-expr","locations":[{"start":{"line":6,"column":4},"end":{"line":6,"column":20}},{"start":{"line":6,"column":24},"end":{"line":6,"column":64}}],"line":6},"1":{"loc":{"start":{"line":8,"column":2},"end":{"line":14,"column":3}},"type":"if","locations":[{"start":{"line":8,"column":2},"end":{"line":14,"column":3}},{"start":{},"end":{}}],"line":8},"2":{"loc":{"start":{"line":11,"column":17},"end":{"line":11,"column":45}},"type":"binary-expr","locations":[{"start":{"line":11,"column":17},"end":{"line":11,"column":34}},{"start":{"line":11,"column":38},"end":{"line":11,"column":45}}],"line":11},"3":{"loc":{"start":{"line":16,"column":2},"end":{"line":22,"column":3}},"type":"if","locations":[{"start":{"line":16,"column":2},"end":{"line":22,"column":3}},{"start":{},"end":{}}],"line":16},"4":{"loc":{"start":{"line":19,"column":17},"end":{"line":19,"column":45}},"type":"binary-expr","locations":[{"start":{"line":19,"column":17},"end":{"line":19,"column":34}},{"start":{"line":19,"column":38},"end":{"line":19,"column":45}}],"line":19},"5":{"loc":{"start":{"line":26,"column":15},"end":{"line":26,"column":43}},"type":"binary-expr","locations":[{"start":{"line":26,"column":15},"end":{"line":26,"column":32}},{"start":{"line":26,"column":36},"end":{"line":26,"column":43}}],"line":26}},"s":{"0":3,"1":3,"2":3,"3":0,"4":0,"5":0},"f":{"0":3},"b":{"0":[3,3],"1":[3,0],"2":[3,0],"3":[0,0],"4":[0,0],"5":[0,0]},"_coverageSchema":"1a1c01bbd47fc00a2c39e90264f33305004495a9","hash":"9dd56f247d6fff70bac38a77f68e7c0a7fe13ebf"}
,"/Users/apple/GroupPay/src/features/groups/lib/settlements.ts": {"path":"/Users/apple/GroupPay/src/features/groups/lib/settlements.ts","statementMap":{"0":{"start":{"line":16,"column":16},"end":{"line":17,"column":56}},"1":{"start":{"line":17,"column":4},"end":{"line":17,"column":56}},"2":{"start":{"line":19,"column":18},"end":{"line":26,"column":40}},"3":{"start":{"line":20,"column":21},"end":{"line":20,"column":41}},"4":{"start":{"line":21,"column":19},"end":{"line":25,"column":5}},"5":{"start":{"line":26,"column":20},"end":{"line":26,"column":39}},"6":{"start":{"line":28,"column":20},"end":{"line":35,"column":40}},"7":{"start":{"line":29,"column":21},"end":{"line":29,"column":40}},"8":{"start":{"line":30,"column":19},"end":{"line":34,"column":5}},"9":{"start":{"line":35,"column":20},"end":{"line":35,"column":39}},"10":{"start":{"line":37,"column":36},"end":{"line":37,"column":38}},"11":{"start":{"line":38,"column":10},"end":{"line":38,"column":11}},"12":{"start":{"line":39,"column":10},"end":{"line":39,"column":11}},"13":{"start":{"line":41,"column":2},"end":{"line":56,"column":3}},"14":{"start":{"line":42,"column":16},"end":{"line":42,"column":64}},"15":{"start":{"line":43,"column":4},"end":{"line":51,"column":5}},"16":{"start":{"line":44,"column":6},"end":{"line":50,"column":8}},"17":{"start":{"line":52,"column":4},"end":{"line":52,"column":54}},"18":{"start":{"line":53,"column":4},"end":{"line":53,"column":58}},"19":{"start":{"line":54,"column":4},"end":{"line":54,"column":42}},"20":{"start":{"line":54,"column":36},"end":{"line":54,"column":42}},"21":{"start":{"line":55,"column":4},"end":{"line":55,"column":44}},"22":{"start":{"line":55,"column":38},"end":{"line":55,"column":44}},"23":{"start":{"line":58,"column":2},"end":{"line":58,"column":20}}},"fnMap":{"0":{"name":"computeSettlements","decl":{"start":{"line":12,"column":16},"end":{"line":12,"column":34}},"loc":{"start":{"line":15,"column":16},"end":{"line":59,"column":1}},"line":15},"1":{"name":"(anonymous_1)","decl":{"start":{"line":16,"column":16},"end":{"line":16,"column":17}},"loc":{"start":{"line":17,"column":4},"end":{"line":17,"column":56}},"line":17},"2":{"name":"(anonymous_2)","decl":{"start":{"line":20,"column":12},"end":{"line":20,"column":13}},"loc":{"start":{"line":20,"column":21},"end":{"line":20,"column":41}},"line":20},"3":{"name":"(anonymous_3)","decl":{"start":{"line":21,"column":9},"end":{"line":21,"column":10}},"loc":{"start":{"line":21,"column":19},"end":{"line":25,"column":5}},"line":21},"4":{"name":"(anonymous_4)","decl":{"start":{"line":26,"column":10},"end":{"line":26,"column":11}},"loc":{"start":{"line":26,"column":20},"end":{"line":26,"column":39}},"line":26},"5":{"name":"(anonymous_5)","decl":{"start":{"line":29,"column":12},"end":{"line":29,"column":13}},"loc":{"start":{"line":29,"column":21},"end":{"line":29,"column":40}},"line":29},"6":{"name":"(anonymous_6)","decl":{"start":{"line":30,"column":9},"end":{"line":30,"column":10}},"loc":{"start":{"line":30,"column":19},"end":{"line":34,"column":5}},"line":30},"7":{"name":"(anonymous_7)","decl":{"start":{"line":35,"column":10},"end":{"line":35,"column":11}},"loc":{"start":{"line":35,"column":20},"end":{"line":35,"column":39}},"line":35}},"branchMap":{"0":{"loc":{"start":{"line":14,"column":2},"end":{"line":14,"column":21}},"type":"default-arg","locations":[{"start":{"line":14,"column":17},"end":{"line":14,"column":21}}],"line":14},"1":{"loc":{"start":{"line":17,"column":4},"end":{"line":17,"column":56}},"type":"cond-expr","locations":[{"start":{"line":17,"column":19},"end":{"line":17,"column":48}},{"start":{"line":17,"column":51},"end":{"line":17,"column":56}}],"line":17},"2":{"loc":{"start":{"line":41,"column":9},"end":{"line":41,"column":51}},"type":"binary-expr","locations":[{"start":{"line":41,"column":9},"end":{"line":41,"column":27}},{"start":{"line":41,"column":31},"end":{"line":41,"column":51}}],"line":41},"3":{"loc":{"start":{"line":43,"column":4},"end":{"line":51,"column":5}},"type":"if","locations":[{"start":{"line":43,"column":4},"end":{"line":51,"column":5}},{"start":{},"end":{}}],"line":43},"4":{"loc":{"start":{"line":54,"column":4},"end":{"line":54,"column":42}},"type":"if","locations":[{"start":{"line":54,"column":4},"end":{"line":54,"column":42}},{"start":{},"end":{}}],"line":54},"5":{"loc":{"start":{"line":55,"column":4},"end":{"line":55,"column":44}},"type":"if","locations":[{"start":{"line":55,"column":4},"end":{"line":55,"column":44}},{"start":{},"end":{}}],"line":55}},"s":{"0":2,"1":4,"2":2,"3":4,"4":1,"5":0,"6":2,"7":4,"8":1,"9":0,"10":2,"11":2,"12":2,"13":2,"14":1,"15":1,"16":1,"17":1,"18":1,"19":1,"20":1,"21":1,"22":1,"23":2},"f":{"0":2,"1":4,"2":4,"3":1,"4":0,"5":4,"6":1,"7":0},"b":{"0":[2],"1":[4,0],"2":[3,1],"3":[1,0],"4":[1,0],"5":[1,0]},"_coverageSchema":"1a1c01bbd47fc00a2c39e90264f33305004495a9","hash":"fa4ee9428a9e5e533bc227af47bc03c35d9a4dc6"}
,"/Users/apple/GroupPay/src/shared/design/foundations/colors.ts": {"path":"/Users/apple/GroupPay/src/shared/design/foundations/colors.ts","statementMap":{"0":{"start":{"line":2,"column":21},"end":{"line":2,"column":30}},"1":{"start":{"line":3,"column":25},"end":{"line":3,"column":34}},"2":{"start":{"line":4,"column":26},"end":{"line":4,"column":35}},"3":{"start":{"line":6,"column":26},"end":{"line":6,"column":35}},"4":{"start":{"line":7,"column":23},"end":{"line":7,"column":32}},"5":{"start":{"line":8,"column":22},"end":{"line":8,"column":31}},"6":{"start":{"line":10,"column":20},"end":{"line":10,"column":29}},"7":{"start":{"line":11,"column":25},"end":{"line":11,"column":34}},"8":{"start":{"line":12,"column":27},"end":{"line":12,"column":36}},"9":{"start":{"line":14,"column":24},"end":{"line":14,"column":33}},"10":{"start":{"line":15,"column":24},"end":{"line":15,"column":33}},"11":{"start":{"line":16,"column":22},"end":{"line":16,"column":46}}},"fnMap":{},"branchMap":{},"s":{"0":9,"1":9,"2":9,"3":9,"4":9,"5":9,"6":9,"7":9,"8":9,"9":9,"10":9,"11":9},"f":{},"b":{},"_coverageSchema":"1a1c01bbd47fc00a2c39e90264f33305004495a9","hash":"39b105d97cb0d0abeca2073d999235d4d13881ea"}
,"/Users/apple/GroupPay/src/shared/design/foundations/shadows.ts": {"path":"/Users/apple/GroupPay/src/shared/design/foundations/shadows.ts","statementMap":{"0":{"start":{"line":5,"column":31},"end":{"line":7,"column":1}}},"fnMap":{},"branchMap":{},"s":{"0":3},"f":{},"b":{},"_coverageSchema":"1a1c01bbd47fc00a2c39e90264f33305004495a9","hash":"49015edbc9baed3f241a5b0eb87ca5592eb4d367"}
,"/Users/apple/GroupPay/src/shared/design/foundations/shapes.ts": {"path":"/Users/apple/GroupPay/src/shared/design/foundations/shapes.ts","statementMap":{"0":{"start":{"line":1,"column":24},"end":{"line":1,"column":25}},"1":{"start":{"line":2,"column":24},"end":{"line":2,"column":26}},"2":{"start":{"line":3,"column":24},"end":{"line":3,"column":26}}},"fnMap":{},"branchMap":{},"s":{"0":6,"1":6,"2":6},"f":{},"b":{},"_coverageSchema":"1a1c01bbd47fc00a2c39e90264f33305004495a9","hash":"05349de529e6fdb08303687682191faa2d395c62"}
,"/Users/apple/GroupPay/src/shared/design/foundations/spacing.ts": {"path":"/Users/apple/GroupPay/src/shared/design/foundations/spacing.ts","statementMap":{"0":{"start":{"line":1,"column":18},"end":{"line":1,"column":19}},"1":{"start":{"line":2,"column":18},"end":{"line":2,"column":19}},"2":{"start":{"line":3,"column":18},"end":{"line":3,"column":20}},"3":{"start":{"line":4,"column":18},"end":{"line":4,"column":20}},"4":{"start":{"line":5,"column":18},"end":{"line":5,"column":20}}},"fnMap":{},"branchMap":{},"s":{"0":7,"1":7,"2":7,"3":7,"4":7},"f":{},"b":{},"_coverageSchema":"1a1c01bbd47fc00a2c39e90264f33305004495a9","hash":"5875f2bcb55ddcfe47edc5f62f231e02354d128c"}
,"/Users/apple/GroupPay/src/shared/design/foundations/typography.ts": {"path":"/Users/apple/GroupPay/src/shared/design/foundations/typography.ts","statementMap":{"0":{"start":{"line":5,"column":13},"end":{"line":5,"column":15}},"1":{"start":{"line":7,"column":31},"end":{"line":10,"column":1}},"2":{"start":{"line":12,"column":36},"end":{"line":15,"column":1}},"3":{"start":{"line":17,"column":32},"end":{"line":21,"column":1}},"4":{"start":{"line":23,"column":34},"end":{"line":27,"column":1}},"5":{"start":{"line":29,"column":32},"end":{"line":33,"column":1}},"6":{"start":{"line":35,"column":34},"end":{"line":38,"column":1}}},"fnMap":{},"branchMap":{},"s":{"0":8,"1":8,"2":8,"3":8,"4":8,"5":8,"6":8},"f":{},"b":{},"_coverageSchema":"1a1c01bbd47fc00a2c39e90264f33305004495a9","hash":"745c48f844af766538803948ded1e91de1b96eb3"}
,"/Users/apple/GroupPay/src/shared/design/layout/index.ts": {"path":"/Users/apple/GroupPay/src/shared/design/layout/index.ts","statementMap":{},"fnMap":{},"branchMap":{},"s":{},"f":{},"b":{},"_coverageSchema":"1a1c01bbd47fc00a2c39e90264f33305004495a9","hash":"951bb3aa1d5a614be474feafe9730ecc5730ab14"}
,"/Users/apple/GroupPay/src/shared/design/layout/Card/Card.tsx": {"path":"/Users/apple/GroupPay/src/shared/design/layout/Card/Card.tsx","statementMap":{"0":{"start":{"line":13,"column":41},"end":{"line":15,"column":1}},"1":{"start":{"line":14,"column":2},"end":{"line":14,"column":61}},"2":{"start":{"line":17,"column":15},"end":{"line":27,"column":2}}},"fnMap":{"0":{"name":"(anonymous_0)","decl":{"start":{"line":13,"column":41},"end":{"line":13,"column":42}},"loc":{"start":{"line":13,"column":66},"end":{"line":15,"column":1}},"line":13}},"branchMap":{},"s":{"0":3,"1":2,"2":3},"f":{"0":2},"b":{},"_coverageSchema":"1a1c01bbd47fc00a2c39e90264f33305004495a9","hash":"2dccc521de562073af51265b0293880440c5bc0d"}
,"/Users/apple/GroupPay/src/shared/design/layout/Card/index.ts": {"path":"/Users/apple/GroupPay/src/shared/design/layout/Card/index.ts","statementMap":{},"fnMap":{},"branchMap":{},"s":{},"f":{},"b":{},"_coverageSchema":"1a1c01bbd47fc00a2c39e90264f33305004495a9","hash":"6d651f453e0a0bb75d04996ecd1b5290e7f5980c"}
,"/Users/apple/GroupPay/src/shared/design/layout/FormGroup/FormGroup.tsx": {"path":"/Users/apple/GroupPay/src/shared/design/layout/FormGroup/FormGroup.tsx","statementMap":{"0":{"start":{"line":12,"column":51},"end":{"line":28,"column":1}},"1":{"start":{"line":17,"column":2},"end":{"line":27,"column":3}},"2":{"start":{"line":30,"column":15},"end":{"line":41,"column":2}}},"fnMap":{"0":{"name":"(anonymous_0)","decl":{"start":{"line":12,"column":51},"end":{"line":12,"column":52}},"loc":{"start":{"line":16,"column":6},"end":{"line":28,"column":1}},"line":16}},"branchMap":{"0":{"loc":{"start":{"line":20,"column":7},"end":{"line":24,"column":14}},"type":"cond-expr","locations":[{"start":{"line":21,"column":8},"end":{"line":23,"column":18}},{"start":{"line":24,"column":10},"end":{"line":24,"column":14}}],"line":20}},"s":{"0":2,"1":2,"2":2},"f":{"0":2},"b":{"0":[0,2]},"_coverageSchema":"1a1c01bbd47fc00a2c39e90264f33305004495a9","hash":"bfdaaf90cadb842d3b31b87fa1d60bf80e180c5d"}
,"/Users/apple/GroupPay/src/shared/design/layout/FormGroup/index.ts": {"path":"/Users/apple/GroupPay/src/shared/design/layout/FormGroup/index.ts","statementMap":{},"fnMap":{},"branchMap":{},"s":{},"f":{},"b":{},"_coverageSchema":"1a1c01bbd47fc00a2c39e90264f33305004495a9","hash":"3e59db6afa3941a7d9e61f9fa6dd66fe0964da4e"}
,"/Users/apple/GroupPay/src/shared/design/layout/Screen/Screen.tsx": {"path":"/Users/apple/GroupPay/src/shared/design/layout/Screen/Screen.tsx","statementMap":{"0":{"start":{"line":19,"column":45},"end":{"line":33,"column":1}},"1":{"start":{"line":24,"column":2},"end":{"line":30,"column":3}},"2":{"start":{"line":25,"column":4},"end":{"line":29,"column":5}},"3":{"start":{"line":32,"column":2},"end":{"line":32,"column":64}},"4":{"start":{"line":35,"column":15},"end":{"line":41,"column":2}}},"fnMap":{"0":{"name":"(anonymous_0)","decl":{"start":{"line":19,"column":45},"end":{"line":19,"column":46}},"loc":{"start":{"line":23,"column":6},"end":{"line":33,"column":1}},"line":23}},"branchMap":{"0":{"loc":{"start":{"line":21,"column":2},"end":{"line":21,"column":15}},"type":"default-arg","locations":[{"start":{"line":21,"column":11},"end":{"line":21,"column":15}}],"line":21},"1":{"loc":{"start":{"line":24,"column":2},"end":{"line":30,"column":3}},"type":"if","locations":[{"start":{"line":24,"column":2},"end":{"line":30,"column":3}},{"start":{},"end":{}}],"line":24}},"s":{"0":2,"1":1,"2":1,"3":0,"4":2},"f":{"0":1},"b":{"0":[1],"1":[1,0]},"_coverageSchema":"1a1c01bbd47fc00a2c39e90264f33305004495a9","hash":"1461508b096abb44928d372e1b56a16349ee4727"}
,"/Users/apple/GroupPay/src/shared/design/layout/Screen/index.ts": {"path":"/Users/apple/GroupPay/src/shared/design/layout/Screen/index.ts","statementMap":{},"fnMap":{},"branchMap":{},"s":{},"f":{},"b":{},"_coverageSchema":"1a1c01bbd47fc00a2c39e90264f33305004495a9","hash":"8d1c4475054908fe26b86a87c18e4bd0d65de2ca"}
,"/Users/apple/GroupPay/src/shared/design/layout/ScreenHeader/ScreenHeader.tsx": {"path":"/Users/apple/GroupPay/src/shared/design/layout/ScreenHeader/ScreenHeader.tsx","statementMap":{"0":{"start":{"line":11,"column":57},"end":{"line":25,"column":1}},"1":{"start":{"line":15,"column":2},"end":{"line":24,"column":3}},"2":{"start":{"line":27,"column":15},"end":{"line":36,"column":2}}},"fnMap":{"0":{"name":"(anonymous_0)","decl":{"start":{"line":11,"column":57},"end":{"line":11,"column":58}},"loc":{"start":{"line":14,"column":6},"end":{"line":25,"column":1}},"line":14}},"branchMap":{"0":{"loc":{"start":{"line":18,"column":7},"end":{"line":22,"column":14}},"type":"cond-expr","locations":[{"start":{"line":19,"column":8},"end":{"line":21,"column":18}},{"start":{"line":22,"column":10},"end":{"line":22,"column":14}}],"line":18}},"s":{"0":2,"1":1,"2":2},"f":{"0":1},"b":{"0":[1,0]},"_coverageSchema":"1a1c01bbd47fc00a2c39e90264f33305004495a9","hash":"c795377306a0a51d119f68a2901873ab211154f9"}
,"/Users/apple/GroupPay/src/shared/design/layout/ScreenHeader/index.ts": {"path":"/Users/apple/GroupPay/src/shared/design/layout/ScreenHeader/index.ts","statementMap":{},"fnMap":{},"branchMap":{},"s":{},"f":{},"b":{},"_coverageSchema":"1a1c01bbd47fc00a2c39e90264f33305004495a9","hash":"b307c7061a1dbc30ab27faf14cba2bcabcfcd07e"}
,"/Users/apple/GroupPay/src/shared/design/primitives/index.ts": {"path":"/Users/apple/GroupPay/src/shared/design/primitives/index.ts","statementMap":{},"fnMap":{},"branchMap":{},"s":{},"f":{},"b":{},"_coverageSchema":"1a1c01bbd47fc00a2c39e90264f33305004495a9","hash":"65a0fcc9bd4beb5f32329db8246bea822ebbe818"}
,"/Users/apple/GroupPay/src/shared/design/primitives/Button/Button.tsx": {"path":"/Users/apple/GroupPay/src/shared/design/primitives/Button/Button.tsx","statementMap":{"0":{"start":{"line":22,"column":45},"end":{"line":49,"column":1}},"1":{"start":{"line":29,"column":2},"end":{"line":48,"column":3}},"2":{"start":{"line":33,"column":30},"end":{"line":39,"column":7}},"3":{"start":{"line":51,"column":15},"end":{"line":81,"column":2}}},"fnMap":{"0":{"name":"(anonymous_0)","decl":{"start":{"line":22,"column":45},"end":{"line":22,"column":46}},"loc":{"start":{"line":28,"column":6},"end":{"line":49,"column":1}},"line":28},"1":{"name":"(anonymous_1)","decl":{"start":{"line":33,"column":13},"end":{"line":33,"column":14}},"loc":{"start":{"line":33,"column":30},"end":{"line":39,"column":7}},"line":33}},"branchMap":{"0":{"loc":{"start":{"line":25,"column":2},"end":{"line":25,"column":21}},"type":"default-arg","locations":[{"start":{"line":25,"column":12},"end":{"line":25,"column":21}}],"line":25},"1":{"loc":{"start":{"line":26,"column":2},"end":{"line":26,"column":18}},"type":"default-arg","locations":[{"start":{"line":26,"column":13},"end":{"line":26,"column":18}}],"line":26},"2":{"loc":{"start":{"line":36,"column":8},"end":{"line":36,"column":33}},"type":"binary-expr","locations":[{"start":{"line":36,"column":8},"end":{"line":36,"column":15}},{"start":{"line":36,"column":19},"end":{"line":36,"column":33}}],"line":36},"3":{"loc":{"start":{"line":37,"column":8},"end":{"line":37,"column":35}},"type":"binary-expr","locations":[{"start":{"line":37,"column":8},"end":{"line":37,"column":16}},{"start":{"line":37,"column":20},"end":{"line":37,"column":35}}],"line":37},"4":{"loc":{"start":{"line":43,"column":15},"end":{"line":43,"column":69}},"type":"cond-expr","locations":[{"start":{"line":43,"column":37},"end":{"line":43,"column":54}},{"start":{"line":43,"column":57},"end":{"line":43,"column":69}}],"line":43}},"s":{"0":5,"1":2,"2":4,"3":5},"f":{"0":2,"1":4},"b":{"0":[2],"1":[2],"2":[4,1],"3":[4,0],"4":[0,2]},"_coverageSchema":"1a1c01bbd47fc00a2c39e90264f33305004495a9","hash":"1fe03a5e71bb7c9afcbe0f68c2c1751aef4b108a"}
,"/Users/apple/GroupPay/src/shared/design/primitives/Button/index.ts": {"path":"/Users/apple/GroupPay/src/shared/design/primitives/Button/index.ts","statementMap":{},"fnMap":{},"branchMap":{},"s":{},"f":{},"b":{},"_coverageSchema":"1a1c01bbd47fc00a2c39e90264f33305004495a9","hash":"7783adc7002824daa1ce4b70128fec3394b5d24b"}
,"/Users/apple/GroupPay/src/shared/design/primitives/Text/Text.tsx": {"path":"/Users/apple/GroupPay/src/shared/design/primitives/Text/Text.tsx","statementMap":{"0":{"start":{"line":13,"column":15},"end":{"line":20,"column":2}},"1":{"start":{"line":22,"column":47},"end":{"line":28,"column":1}},"2":{"start":{"line":27,"column":2},"end":{"line":27,"column":65}}},"fnMap":{"0":{"name":"(anonymous_0)","decl":{"start":{"line":22,"column":47},"end":{"line":22,"column":48}},"loc":{"start":{"line":26,"column":6},"end":{"line":28,"column":1}},"line":26}},"branchMap":{"0":{"loc":{"start":{"line":23,"column":2},"end":{"line":23,"column":18}},"type":"default-arg","locations":[{"start":{"line":23,"column":12},"end":{"line":23,"column":18}}],"line":23}},"s":{"0":8,"1":8,"2":11},"f":{"0":11},"b":{"0":[3]},"_coverageSchema":"1a1c01bbd47fc00a2c39e90264f33305004495a9","hash":"9bdd2765ce1e774b51104272ca7afaf00fdaff68"}
,"/Users/apple/GroupPay/src/shared/design/primitives/Text/index.ts": {"path":"/Users/apple/GroupPay/src/shared/design/primitives/Text/index.ts","statementMap":{},"fnMap":{},"branchMap":{},"s":{},"f":{},"b":{},"_coverageSchema":"1a1c01bbd47fc00a2c39e90264f33305004495a9","hash":"af7860c99846108aa8745c40fee9759778cb82ef"}
,"/Users/apple/GroupPay/src/shared/design/primitives/TextField/TextField.tsx": {"path":"/Users/apple/GroupPay/src/shared/design/primitives/TextField/TextField.tsx","statementMap":{"0":{"start":{"line":13,"column":51},"end":{"line":28,"column":1}},"1":{"start":{"line":19,"column":2},"end":{"line":27,"column":3}},"2":{"start":{"line":30,"column":15},"end":{"line":40,"column":2}}},"fnMap":{"0":{"name":"(anonymous_0)","decl":{"start":{"line":13,"column":51},"end":{"line":13,"column":52}},"loc":{"start":{"line":18,"column":6},"end":{"line":28,"column":1}},"line":18}},"branchMap":{},"s":{"0":5,"1":3,"2":5},"f":{"0":3},"b":{},"_coverageSchema":"1a1c01bbd47fc00a2c39e90264f33305004495a9","hash":"dcbe81a0d1c47b92055314707a847211ad586862"}
,"/Users/apple/GroupPay/src/shared/design/primitives/TextField/index.ts": {"path":"/Users/apple/GroupPay/src/shared/design/primitives/TextField/index.ts","statementMap":{},"fnMap":{},"branchMap":{},"s":{},"f":{},"b":{},"_coverageSchema":"1a1c01bbd47fc00a2c39e90264f33305004495a9","hash":"fc53b0b10231feef97abf615a5ba3c6c8f2aaae7"}
,"/Users/apple/GroupPay/src/shared/design/primitives/ToggleField/ToggleField.tsx": {"path":"/Users/apple/GroupPay/src/shared/design/primitives/ToggleField/ToggleField.tsx","statementMap":{"0":{"start":{"line":10,"column":55},"end":{"line":22,"column":1}},"1":{"start":{"line":14,"column":2},"end":{"line":21,"column":3}},"2":{"start":{"line":24,"column":15},"end":{"line":28,"column":2}}},"fnMap":{"0":{"name":"(anonymous_0)","decl":{"start":{"line":10,"column":55},"end":{"line":10,"column":56}},"loc":{"start":{"line":13,"column":6},"end":{"line":22,"column":1}},"line":13}},"branchMap":{},"s":{"0":5,"1":2,"2":5},"f":{"0":2},"b":{},"_coverageSchema":"1a1c01bbd47fc00a2c39e90264f33305004495a9","hash":"f0b7bad777c31da5b15e2d1ca403246adeab3ff4"}
,"/Users/apple/GroupPay/src/shared/design/primitives/ToggleField/index.ts": {"path":"/Users/apple/GroupPay/src/shared/design/primitives/ToggleField/index.ts","statementMap":{},"fnMap":{},"branchMap":{},"s":{},"f":{},"b":{},"_coverageSchema":"1a1c01bbd47fc00a2c39e90264f33305004495a9","hash":"898bda5d71c5d0988e66a34f9df2e73d299d77df"}
}
