TN:
SF:src/features/groups/lib/balances.ts
FN:5,owedAmount
FN:20,applyExpenseToBalances
FN:39,calculateBalances
FN:50,(anonymous_3)
FN:57,totalSpent
FN:58,(anonymous_5)
FNF:6
FNH:4
FNDA:7,owedAmount
FNDA:3,applyExpenseToBalances
FNDA:3,calculateBalances
FNDA:9,(anonymous_3)
FNDA:0,totalSpent
FNDA:0,(anonymous_5)
DA:6,7
DA:8,7
DA:12,2
DA:15,5
DA:16,5
DA:17,5
DA:24,3
DA:26,3
DA:27,7
DA:28,7
DA:32,3
DA:33,4
DA:34,4
DA:40,3
DA:42,3
DA:43,9
DA:46,3
DA:47,3
DA:50,9
DA:58,0
LF:20
LH:19
BRDA:6,0,0,0
BRDA:6,0,1,7
BRDA:8,1,0,2
BRDA:8,1,1,5
BRDA:9,2,0,7
BRDA:9,2,1,2
BRDA:12,3,0,2
BRDA:12,3,1,0
BRDA:16,4,0,0
BRDA:16,4,1,5
BRDA:27,5,0,7
BRDA:27,5,1,0
BRDA:33,6,0,4
BRDA:33,6,1,0
BRDA:33,7,0,4
BRDA:33,7,1,4
BRDA:53,8,0,9
BRDA:53,8,1,0
BRF:18
BRH:12
end_of_record
TN:
SF:src/features/groups/lib/expenseFormLogic.ts
FN:3,parseMoney
FN:11,sumMoney
FN:12,(anonymous_2)
FN:15,nearlyEqual
FN:19,equalShare
FN:24,parsePaymentMap
FN:38,parseShareMap
FN:57,validateExpenseForm
FN:87,(anonymous_8)
FN:100,formatExpenseSummary
FN:111,(anonymous_10)
FN:112,(anonymous_11)
FN:118,(anonymous_12)
FNF:13
FNH:6
FNDA:2,parseMoney
FNDA:2,sumMoney
FNDA:4,(anonymous_2)
FNDA:2,nearlyEqual
FNDA:0,equalShare
FNDA:1,parsePaymentMap
FNDA:0,parseShareMap
FNDA:2,validateExpenseForm
FNDA:0,(anonymous_8)
FNDA:0,formatExpenseSummary
FNDA:0,(anonymous_10)
FNDA:0,(anonymous_11)
FNDA:0,(anonymous_12)
DA:1,1
DA:4,2
DA:5,2
DA:6,1
DA:7,1
DA:8,1
DA:12,4
DA:16,2
DA:20,0
DA:21,0
DA:28,1
DA:29,1
DA:30,2
DA:31,2
DA:32,1
DA:35,1
DA:42,0
DA:43,0
DA:44,0
DA:45,0
DA:46,0
DA:49,0
DA:65,2
DA:66,0
DA:69,2
DA:70,0
DA:73,2
DA:74,2
DA:75,0
DA:78,2
DA:79,1
DA:85,1
DA:86,0
DA:87,0
DA:89,0
DA:90,0
DA:97,1
DA:110,0
DA:111,0
DA:112,0
DA:115,0
DA:116,0
DA:119,0
DA:122,0
DA:125,0
DA:129,0
LF:46
LH:22
BRDA:5,0,0,1
BRDA:5,0,1,1
BRDA:7,1,0,0
BRDA:7,1,1,1
BRDA:7,2,0,1
BRDA:7,2,1,1
BRDA:20,3,0,0
BRDA:20,3,1,0
BRDA:30,4,0,2
BRDA:30,4,1,0
BRDA:31,5,0,1
BRDA:31,5,1,1
BRDA:31,6,0,2
BRDA:31,6,1,1
BRDA:44,7,0,0
BRDA:44,7,1,0
BRDA:45,8,0,0
BRDA:45,8,1,0
BRDA:45,9,0,0
BRDA:45,9,1,0
BRDA:65,10,0,0
BRDA:65,10,1,2
BRDA:69,11,0,0
BRDA:69,11,1,2
BRDA:74,12,0,0
BRDA:74,12,1,2
BRDA:78,13,0,1
BRDA:78,13,1,1
BRDA:85,14,0,0
BRDA:85,14,1,1
BRDA:87,15,0,0
BRDA:87,15,1,0
BRDA:89,16,0,0
BRDA:89,16,1,0
BRDA:111,17,0,0
BRDA:111,17,1,0
BRDA:112,18,0,0
BRDA:112,18,1,0
BRDA:115,19,0,0
BRDA:115,19,1,0
BRDA:115,20,0,0
BRDA:115,20,1,0
BRDA:119,21,0,0
BRDA:119,21,1,0
BRF:44
BRH:16
end_of_record
TN:
SF:src/features/groups/lib/expenseSections.ts
FN:11,groupExpensesByCategory
FN:22,(anonymous_1)
FN:23,(anonymous_2)
FN:26,(anonymous_3)
FN:27,(anonymous_4)
FNF:5
FNH:5
FNDA:1,groupExpensesByCategory
FNDA:1,(anonymous_1)
FNDA:2,(anonymous_2)
FNDA:1,(anonymous_3)
FNDA:3,(anonymous_4)
DA:12,1
DA:14,1
DA:15,3
DA:16,3
DA:17,3
DA:18,3
DA:21,1
DA:22,1
DA:23,2
DA:26,1
DA:27,3
LF:11
LH:11
BRDA:15,0,0,3
BRDA:15,0,1,0
BRDA:16,1,0,3
BRDA:16,1,1,2
BRF:4
BRH:3
end_of_record
TN:
SF:src/features/groups/lib/normalizeExpense.ts
FN:4,normalizeExpense
FNF:1
FNH:1
FNDA:3,normalizeExpense
DA:6,3
DA:8,3
DA:9,3
DA:16,0
DA:17,0
DA:24,0
LF:6
LH:3
BRDA:6,0,0,3
BRDA:6,0,1,3
BRDA:8,1,0,3
BRDA:8,1,1,0
BRDA:11,2,0,3
BRDA:11,2,1,0
BRDA:16,3,0,0
BRDA:16,3,1,0
BRDA:19,4,0,0
BRDA:19,4,1,0
BRDA:26,5,0,0
BRDA:26,5,1,0
BRF:12
BRH:4
end_of_record
TN:
SF:src/features/groups/lib/settlements.ts
FN:12,computeSettlements
FN:16,(anonymous_1)
FN:20,(anonymous_2)
FN:21,(anonymous_3)
FN:26,(anonymous_4)
FN:29,(anonymous_5)
FN:30,(anonymous_6)
FN:35,(anonymous_7)
FNF:8
FNH:6
FNDA:2,computeSettlements
FNDA:4,(anonymous_1)
FNDA:4,(anonymous_2)
FNDA:1,(anonymous_3)
FNDA:0,(anonymous_4)
FNDA:4,(anonymous_5)
FNDA:1,(anonymous_6)
FNDA:0,(anonymous_7)
DA:16,2
DA:17,4
DA:19,2
DA:20,4
DA:21,1
DA:26,0
DA:28,2
DA:29,4
DA:30,1
DA:35,0
DA:37,2
DA:38,2
DA:39,2
DA:41,2
DA:42,1
DA:43,1
DA:44,1
DA:52,1
DA:53,1
DA:54,1
DA:55,1
DA:58,2
LF:22
LH:20
BRDA:14,0,0,2
BRDA:17,1,0,4
BRDA:17,1,1,0
BRDA:41,2,0,3
BRDA:41,2,1,1
BRDA:43,3,0,1
BRDA:43,3,1,0
BRDA:54,4,0,1
BRDA:54,4,1,0
BRDA:55,5,0,1
BRDA:55,5,1,0
BRF:11
BRH:7
end_of_record
TN:
SF:src/features/groups/lib/tripSummary.ts
FN:6,buildTripSummary
FN:13,(anonymous_1)
FN:16,(anonymous_2)
FNF:3
FNH:3
FNDA:1,buildTripSummary
FNDA:1,(anonymous_1)
FNDA:2,(anonymous_2)
DA:11,1
DA:13,1
DA:17,2
DA:18,0
DA:20,2
DA:27,1
DA:28,0
DA:30,1
DA:31,1
DA:32,1
DA:36,1
LF:11
LH:9
BRDA:17,0,0,0
BRDA:17,0,1,2
BRDA:20,1,0,1
BRDA:20,1,1,1
BRDA:27,2,0,0
BRDA:27,2,1,1
BRF:6
BRH:4
end_of_record
TN:
SF:src/shared/design/foundations/colors.ts
FNF:0
FNH:0
DA:2,9
DA:3,9
DA:4,9
DA:6,9
DA:7,9
DA:8,9
DA:10,9
DA:11,9
DA:12,9
DA:14,9
DA:15,9
DA:16,9
LF:12
LH:12
BRF:0
BRH:0
end_of_record
TN:
SF:src/shared/design/foundations/shadows.ts
FNF:0
FNH:0
DA:5,3
LF:1
LH:1
BRF:0
BRH:0
end_of_record
TN:
SF:src/shared/design/foundations/shapes.ts
FNF:0
FNH:0
DA:1,6
DA:2,6
DA:3,6
LF:3
LH:3
BRF:0
BRH:0
end_of_record
TN:
SF:src/shared/design/foundations/spacing.ts
FNF:0
FNH:0
DA:1,7
DA:2,7
DA:3,7
DA:4,7
DA:5,7
LF:5
LH:5
BRF:0
BRH:0
end_of_record
TN:
SF:src/shared/design/foundations/typography.ts
FNF:0
FNH:0
DA:5,8
DA:7,8
DA:12,8
DA:17,8
DA:23,8
DA:29,8
DA:35,8
LF:7
LH:7
BRF:0
BRH:0
end_of_record
TN:
SF:src/shared/design/layout/index.ts
FNF:0
FNH:0
LF:0
LH:0
BRF:0
BRH:0
end_of_record
TN:
SF:src/shared/design/layout/Card/Card.tsx
FN:13,(anonymous_0)
FNF:1
FNH:1
FNDA:2,(anonymous_0)
DA:13,3
DA:14,2
DA:17,3
LF:3
LH:3
BRF:0
BRH:0
end_of_record
TN:
SF:src/shared/design/layout/Card/index.ts
FNF:0
FNH:0
LF:0
LH:0
BRF:0
BRH:0
end_of_record
TN:
SF:src/shared/design/layout/FormGroup/FormGroup.tsx
FN:12,(anonymous_0)
FNF:1
FNH:1
FNDA:2,(anonymous_0)
DA:12,2
DA:17,2
DA:30,2
LF:3
LH:3
BRDA:20,0,0,0
BRDA:20,0,1,2
BRF:2
BRH:1
end_of_record
TN:
SF:src/shared/design/layout/FormGroup/index.ts
FNF:0
FNH:0
LF:0
LH:0
BRF:0
BRH:0
end_of_record
TN:
SF:src/shared/design/layout/Screen/Screen.tsx
FN:19,(anonymous_0)
FNF:1
FNH:1
FNDA:1,(anonymous_0)
DA:19,2
DA:24,1
DA:25,1
DA:32,0
DA:35,2
LF:5
LH:4
BRDA:21,0,0,1
BRDA:24,1,0,1
BRDA:24,1,1,0
BRF:3
BRH:2
end_of_record
TN:
SF:src/shared/design/layout/Screen/index.ts
FNF:0
FNH:0
LF:0
LH:0
BRF:0
BRH:0
end_of_record
TN:
SF:src/shared/design/layout/ScreenHeader/ScreenHeader.tsx
FN:11,(anonymous_0)
FNF:1
FNH:1
FNDA:1,(anonymous_0)
DA:11,2
DA:15,1
DA:27,2
LF:3
LH:3
BRDA:18,0,0,1
BRDA:18,0,1,0
BRF:2
BRH:1
end_of_record
TN:
SF:src/shared/design/layout/ScreenHeader/index.ts
FNF:0
FNH:0
LF:0
LH:0
BRF:0
BRH:0
end_of_record
TN:
SF:src/shared/design/primitives/index.ts
FNF:0
FNH:0
LF:0
LH:0
BRF:0
BRH:0
end_of_record
TN:
SF:src/shared/design/primitives/Button/Button.tsx
FN:22,(anonymous_0)
FN:33,(anonymous_1)
FNF:2
FNH:2
FNDA:2,(anonymous_0)
FNDA:4,(anonymous_1)
DA:22,5
DA:29,2
DA:33,4
DA:51,5
LF:4
LH:4
BRDA:25,0,0,2
BRDA:26,1,0,2
BRDA:36,2,0,4
BRDA:36,2,1,1
BRDA:37,3,0,4
BRDA:37,3,1,0
BRDA:43,4,0,0
BRDA:43,4,1,2
BRF:8
BRH:6
end_of_record
TN:
SF:src/shared/design/primitives/Button/index.ts
FNF:0
FNH:0
LF:0
LH:0
BRF:0
BRH:0
end_of_record
TN:
SF:src/shared/design/primitives/Text/Text.tsx
FN:22,(anonymous_0)
FNF:1
FNH:1
FNDA:11,(anonymous_0)
DA:13,8
DA:22,8
DA:27,11
LF:3
LH:3
BRDA:23,0,0,3
BRF:1
BRH:1
end_of_record
TN:
SF:src/shared/design/primitives/Text/index.ts
FNF:0
FNH:0
LF:0
LH:0
BRF:0
BRH:0
end_of_record
TN:
SF:src/shared/design/primitives/TextField/TextField.tsx
FN:13,(anonymous_0)
FNF:1
FNH:1
FNDA:3,(anonymous_0)
DA:13,5
DA:19,3
DA:30,5
LF:3
LH:3
BRF:0
BRH:0
end_of_record
TN:
SF:src/shared/design/primitives/TextField/index.ts
FNF:0
FNH:0
LF:0
LH:0
BRF:0
BRH:0
end_of_record
TN:
SF:src/shared/design/primitives/ToggleField/ToggleField.tsx
FN:10,(anonymous_0)
FNF:1
FNH:1
FNDA:2,(anonymous_0)
DA:10,5
DA:14,2
DA:24,5
LF:3
LH:3
BRF:0
BRH:0
end_of_record
TN:
SF:src/shared/design/primitives/ToggleField/index.ts
FNF:0
FNH:0
LF:0
LH:0
BRF:0
BRH:0
end_of_record
